<?xml version="1.0" encoding="UTF-8"?>
<!-- Generated by org.testng.reporters.JUnitReportReporter -->
<testsuite hostname="Rezlaptop" failures="0" tests="3" name="mpack.NegetiveTest" time="21.166" errors="0" timestamp="2020-12-09T01:24:01 EST" skipped="0">
  <testcase classname="mpack.NegetiveTest" name="postest" time="7.339"/>
  <system-out/>
  <testcase classname="mpack.NegetiveTest" name="neg1" time="6.707"/>
  <system-out/>
  <testcase classname="mpack.NegetiveTest" name="neg2" time="7.120"/>
  <system-out/>
</testsuite> <!-- mpack.NegetiveTest -->
