<?xml version="1.0" encoding="UTF-8"?>
<!-- Generated by org.testng.reporters.JUnitReportReporter -->
<testsuite skipped="0" hostname="Rezlaptop" name="mpack.NegetiveTest" tests="3" failures="0" timestamp="2021-01-17T13:29:46 EST" time="21.858" errors="0">
  <testcase name="postest" time="7.115" classname="mpack.NegetiveTest"/>
  <system-out/>
  <testcase name="neg1" time="7.932" classname="mpack.NegetiveTest"/>
  <system-out/>
  <testcase name="neg2" time="6.811" classname="mpack.NegetiveTest"/>
  <system-out/>
</testsuite> <!-- mpack.NegetiveTest -->
